<?xml version="1.0" encoding="UTF-8"?>
<!-- Generated by org.testng.reporters.JUnitReportReporter -->
<testsuite hostname="LatituteE7340" failures="0" tests="3" name="testEndPoints.test" time="20.780" errors="0" timestamp="2023-05-01T10:26:24 IST" skipped="0">
  <testcase classname="testEndPoints.test" name="testCreateProducts" time="5.694"/>
  <system-out/>
  <testcase classname="testEndPoints.test" name="testCreateProducts" time="5.789"/>
  <system-out/>
  <testcase classname="testEndPoints.test" name="testCreateProducts" time="9.297"/>
  <system-out/>
</testsuite> <!-- testEndPoints.test -->
