<?xml version="1.0" encoding="UTF-8"?>
<!-- Generated by org.testng.reporters.JUnitReportReporter -->
<testsuite hostname="LatituteE7340" failures="0" tests="5" name="testEndPoints.AdequateEndpointTests" time="5.715" errors="0" timestamp="2023-04-30T13:50:55 IST" skipped="0">
  <testcase classname="testEndPoints.AdequateEndpointTests" name="TestUserRegister" time="4.005"/>
  <system-out/>
  <testcase classname="testEndPoints.AdequateEndpointTests" name="TestValidUserLogin" time="0.544"/>
  <system-out/>
  <testcase classname="testEndPoints.AdequateEndpointTests" name="TestCreateUser" time="0.504"/>
  <system-out/>
  <testcase classname="testEndPoints.AdequateEndpointTests" name="TestgetUser" time="0.389"/>
  <system-out/>
  <testcase classname="testEndPoints.AdequateEndpointTests" name="TestInValidUserLogin" time="0.273"/>
  <system-out/>
</testsuite> <!-- testEndPoints.AdequateEndpointTests -->
