<?xml version="1.0" encoding="UTF-8"?>
<!-- Generated by org.testng.reporters.JUnitReportReporter -->
<testsuite hostname="LatituteE7340" failures="0" tests="4" name="testEndPoints.MobileStoreEndPointTests" time="21.939" errors="0" timestamp="2023-04-30T11:42:11 IST" skipped="0">
  <testcase classname="testEndPoints.MobileStoreEndPointTests" name="testLoginUser" time="4.751"/>
  <system-out/>
  <testcase classname="testEndPoints.MobileStoreEndPointTests" name="testCreateProducts" time="6.027"/>
  <system-out/>
  <testcase classname="testEndPoints.MobileStoreEndPointTests" name="testCreateProducts" time="5.665"/>
  <system-out/>
  <testcase classname="testEndPoints.MobileStoreEndPointTests" name="testCreateProducts" time="5.496"/>
  <system-out/>
</testsuite> <!-- testEndPoints.MobileStoreEndPointTests -->
