<?xml version="1.0" encoding="UTF-8"?>
<!-- Generated by org.testng.reporters.JUnitReportReporter -->
<testsuite hostname="LatituteE7340" failures="0" tests="1" name="testEndPoints.MobileStoreEndPointTests" time="0.362" errors="0" timestamp="2023-04-30T13:56:47 IST" skipped="0">
  <testcase classname="testEndPoints.MobileStoreEndPointTests" name="testRegisterUser" time="0.362"/>
  <system-out/>
</testsuite> <!-- testEndPoints.MobileStoreEndPointTests -->
