<?xml version="1.0" encoding="UTF-8"?>
<!-- Generated by org.testng.reporters.JUnitReportReporter -->
<testsuite hostname="LatituteE7340" failures="0" tests="1" name="testEndPoints.AdequateEndpointTests" time="4.835" errors="0" timestamp="2023-04-30T11:46:39 IST" skipped="0">
  <testcase classname="testEndPoints.AdequateEndpointTests" name="TestCreateUser" time="4.835"/>
  <system-out/>
</testsuite> <!-- testEndPoints.AdequateEndpointTests -->
