<?xml version="1.0" encoding="UTF-8"?>
<!-- Generated by org.testng.reporters.JUnitReportReporter -->
<testsuite hostname="LatituteE7340" failures="0" tests="1" name="testEndPoints.GoRestEndPointTest" time="2.817" errors="0" timestamp="2023-05-03T14:38:47 IST" skipped="0">
  <testcase classname="testEndPoints.GoRestEndPointTest" name="testGetRequest" time="2.817"/>
  <system-out/>
</testsuite> <!-- testEndPoints.GoRestEndPointTest -->
