<?xml version="1.0" encoding="UTF-8"?>
<!-- Generated by org.testng.reporters.JUnitReportReporter -->
<testsuite hostname="LatituteE7340" failures="0" tests="1" name="testEndPoints.APITestScript" time="3.096" errors="0" timestamp="2023-05-03T14:09:03 IST" skipped="0">
  <testcase classname="testEndPoints.APITestScript" name="testPostRequest" time="3.096"/>
  <system-out/>
</testsuite> <!-- testEndPoints.APITestScript -->
