<?xml version="1.0" encoding="UTF-8"?>
<!-- Generated by org.testng.reporters.JUnitReportReporter -->
<testsuite hostname="LatituteE7340" failures="0" tests="1" name="testEndPoints.testLog" time="0.025" errors="0" timestamp="2023-04-29T16:20:18 IST" skipped="0">
  <testcase classname="testEndPoints.testLog" name="test" time="0.025"/>
  <system-out/>
</testsuite> <!-- testEndPoints.testLog -->
