<?xml version="1.0" encoding="UTF-8"?>
<!-- Generated by org.testng.reporters.JUnitReportReporter -->
<testsuite hostname="LatituteE7340" failures="0" tests="5" name="testEndPoints.AdequateEndpointTests" time="6.249" errors="0" timestamp="2023-04-30T13:18:09 IST" skipped="0">
  <testcase classname="testEndPoints.AdequateEndpointTests" name="TestUserRegister" time="4.747"/>
  <system-out/>
  <testcase classname="testEndPoints.AdequateEndpointTests" name="TestValidUserLogin" time="0.473"/>
  <system-out/>
  <testcase classname="testEndPoints.AdequateEndpointTests" name="TestCreateUser" time="0.382"/>
  <system-out/>
  <testcase classname="testEndPoints.AdequateEndpointTests" name="TestgetUser" time="0.339"/>
  <system-out/>
  <testcase classname="testEndPoints.AdequateEndpointTests" name="TestInValidUserLogin" time="0.308"/>
  <system-out/>
</testsuite> <!-- testEndPoints.AdequateEndpointTests -->
