<?xml version="1.0" encoding="UTF-8"?>
<!-- Generated by org.testng.reporters.JUnitReportReporter -->
<testsuite hostname="LatituteE7340" failures="0" tests="5" name="testEndPoints.AdequateEndpointTests" time="5.175" errors="0" timestamp="2023-04-30T12:53:05 IST" skipped="0">
  <testcase classname="testEndPoints.AdequateEndpointTests" name="TestUserRegister" time="3.719"/>
  <system-out/>
  <testcase classname="testEndPoints.AdequateEndpointTests" name="TestValidUserLogin" time="0.444"/>
  <system-out/>
  <testcase classname="testEndPoints.AdequateEndpointTests" name="TestCreateUser" time="0.413"/>
  <system-out/>
  <testcase classname="testEndPoints.AdequateEndpointTests" name="TestgetUser" time="0.307"/>
  <system-out/>
  <testcase classname="testEndPoints.AdequateEndpointTests" name="TestInValidUserLogin" time="0.292"/>
  <system-out/>
</testsuite> <!-- testEndPoints.AdequateEndpointTests -->
