<?xml version="1.0" encoding="UTF-8"?>
<!-- Generated by org.testng.reporters.JUnitReportReporter -->
<testsuite hostname="LatituteE7340" failures="0" tests="5" name="testEndPoints.AdequateEndpointTests" time="7.544" errors="0" timestamp="2023-05-01T11:43:16 IST" skipped="0">
  <testcase classname="testEndPoints.AdequateEndpointTests" name="TestUserRegister" time="5.975"/>
  <system-out/>
  <testcase classname="testEndPoints.AdequateEndpointTests" name="TestValidUserLogin" time="0.480"/>
  <system-out/>
  <testcase classname="testEndPoints.AdequateEndpointTests" name="TestCreateUser" time="0.442"/>
  <system-out/>
  <testcase classname="testEndPoints.AdequateEndpointTests" name="TestgetUser" time="0.382"/>
  <system-out/>
  <testcase classname="testEndPoints.AdequateEndpointTests" name="TestInValidUserLogin" time="0.265"/>
  <system-out/>
</testsuite> <!-- testEndPoints.AdequateEndpointTests -->
